Start testing: Dec 17 15:42 CST
----------------------------------------------------------
1/6 Testing: testapi
1/6 Test: testapi
Command: "/root/zt/libxml2-rust/testapi"
Directory: /root/zt/libxml2-rust
"testapi" start time: Dec 17 15:42 CST
Output:
----------------------------------------------------------
Fatal: program compiled against libxml 20 using libxml 2
Fatal: program compiled against libxml 20 using libxml 2
Warning: program compiled against libxml 2090 using older 209
Testing HTMLparser : 32 of 38 functions ...
Testing HTMLtree : 18 of 18 functions ...
Testing SAX2 : 38 of 38 functions ...
Testing c14n : 3 of 4 functions ...
Testing catalog : 27 of 36 functions ...
Testing chvalid : 9 of 9 functions ...
Testing debugXML : 25 of 28 functions ...
Testing dict : 10 of 13 functions ...
Testing encoding : 16 of 19 functions ...
Testing entities : 13 of 17 functions ...
Testing hash : 17 of 25 functions ...
Testing list : 19 of 26 functions ...
Testing nanoftp : 14 of 22 functions ...
Testing nanohttp : 13 of 17 functions ...
Testing parser : 61 of 70 functions ...
Testing parserInternals : 33 of 90 functions ...
Testing pattern : 10 of 15 functions ...
Testing relaxng : 14 of 24 functions ...
Testing schemasInternals : 0 of 2 functions ...
Testing schematron : 1 of 10 functions ...
Testing tree : 142 of 164 functions ...
Testing uri : 10 of 15 functions ...
Testing valid : 50 of 70 functions ...
Testing xinclude : 8 of 10 functions ...
Testing xmlIO : 41 of 51 functions ...
Testing xmlautomata : 3 of 19 functions ...
Testing xmlerror : 7 of 15 functions ...
Testing xmlmodule : 2 of 4 functions ...
Testing xmlreader : 76 of 86 functions ...
Testing xmlregexp : 16 of 30 functions ...
Testing xmlsave : 4 of 10 functions ...
Testing xmlschemas : 16 of 27 functions ...
Testing xmlschemastypes : 26 of 34 functions ...
Testing xmlstring : 26 of 30 functions ...
Testing xmlunicode : 166 of 166 functions ...
Testing xmlwriter : 52 of 80 functions ...
Testing xpath : 32 of 40 functions ...
Testing xpathInternals : 106 of 117 functions ...
Testing xpointer : 17 of 21 functions ...
Total: 1168 functions, 284058 tests, 0 errors
<end of output>
Test time =   3.57 sec
----------------------------------------------------------
Test Passed.
"testapi" end time: Dec 17 15:42 CST
"testapi" time elapsed: 00:00:03
----------------------------------------------------------

2/6 Testing: testchar
2/6 Test: testchar
Command: "/root/zt/libxml2-rust/testchar"
Directory: /root/zt/libxml2-rust
"testchar" start time: Dec 17 15:42 CST
Output:
----------------------------------------------------------
Fatal: program compiled against libxml 20 using libxml 2
Fatal: program compiled against libxml 20 using libxml 2
Warning: program compiled against libxml 2090 using older 209
testing char range: 1 2 3 4 done
testing 1 byte char in document: 1 2 3 4 done
testing 2 byte char in document: 1 2 3 4 done
<end of output>
Test time =   0.61 sec
----------------------------------------------------------
Test Passed.
"testchar" end time: Dec 17 15:43 CST
"testchar" time elapsed: 00:00:00
----------------------------------------------------------

3/6 Testing: testdict
3/6 Test: testdict
Command: "/root/zt/libxml2-rust/testdict"
Directory: /root/zt/libxml2-rust
"testdict" start time: Dec 17 15:43 CST
Output:
----------------------------------------------------------
Fatal: program compiled against libxml 20 using libxml 2
Fatal: program compiled against libxml 20 using libxml 2
Warning: program compiled against libxml 2090 using older 209
dictionary tests succeeded 20000 strings
<end of output>
Test time =   0.01 sec
----------------------------------------------------------
Test Passed.
"testdict" end time: Dec 17 15:43 CST
"testdict" time elapsed: 00:00:00
----------------------------------------------------------

4/6 Testing: testrecurse
4/6 Test: testrecurse
Command: "/root/zt/libxml2-rust/testrecurse"
Directory: /root/zt/libxml2-rust
"testrecurse" start time: Dec 17 15:43 CST
Output:
----------------------------------------------------------
.........
## Parsing recursive test cases
## Parsing non-recursive test cases
## Parsing non-recursive huge case
Total 9 tests, no errors
<end of output>
Test time =   9.02 sec
----------------------------------------------------------
Test Passed.
"testrecurse" end time: Dec 17 15:43 CST
"testrecurse" time elapsed: 00:00:09
----------------------------------------------------------

5/6 Testing: runtest
5/6 Test: runtest
Command: "/root/zt/libxml2-rust/runtest" "--out" "/root/zt/libxml2-rust"
Directory: /root/zt/libxml2-rust
"runtest" start time: Dec 17 15:43 CST
Output:
----------------------------------------------------------
## XML regression tests
## XML regression tests on memory
## XML entity subst regression tests
## XML Namespaces regression tests
## Error cases regression tests
## Error cases regression tests with entity substitution
## Error cases regression tests (old 1.0)
## Error cases stream regression tests
## Reader regression tests
## Reader entities substitution regression tests
## Reader on memory regression tests
## Walker regression tests
## SAX1 callbacks regression tests
## SAX2 callbacks regression tests
## SAX2 callbacks regression tests with entity substitution
## XML push regression tests
## HTML regression tests
## Push HTML regression tests
## HTML SAX regression tests
## Valid documents regression tests
## Validity checking regression tests
## Streaming validity checking regression tests
## Streaming validity error checking regression tests
## General documents valid regression tests
## XInclude regression tests
## XInclude xmlReader regression tests
## XInclude regression tests stripping include nodes
## XInclude xmlReader regression tests stripping include nodes
## XPath expressions regression tests
## XPath document queries regression tests
## XPointer document queries regression tests
## xml:id regression tests
## URI parsing tests
## URI base composition tests
## Path URI conversion tests
## Schemas regression tests
## Relax-NG regression tests
## Relax-NG streaming regression tests
## Pattern regression tests
## C14N with comments regression tests
## C14N without comments regression tests
## C14N exclusive without comments regression tests
## C14N 1.1 without comments regression tests
## Catalog and Threads regression tests
Total 3237 tests, no errors
<end of output>
Test time =   2.95 sec
----------------------------------------------------------
Test Passed.
"runtest" end time: Dec 17 15:43 CST
"runtest" time elapsed: 00:00:02
----------------------------------------------------------

6/6 Testing: testThreads
6/6 Test: testThreads
Command: "/root/zt/libxml2-rust/testThreads"
Directory: /root/zt/libxml2-rust
"testThreads" start time: Dec 17 15:43 CST
Output:
----------------------------------------------------------
<end of output>
Test time =   0.38 sec
----------------------------------------------------------
Test Passed.
"testThreads" end time: Dec 17 15:43 CST
"testThreads" time elapsed: 00:00:00
----------------------------------------------------------

End testing: Dec 17 15:43 CST
