Start testing: Jul 08 14:27 UTC
----------------------------------------------------------
1/6 Testing: testapi
1/6 Test: testapi
Command: "/root/pr/20220707/libxml2-rust/libxml2-2.9.12_github_version/testapi"
Directory: /root/pr/20220707/libxml2-rust/libxml2-2.9.12_github_version
"testapi" start time: Jul 08 14:27 UTC
Output:
----------------------------------------------------------
Testing HTMLparser : 32 of 38 functions ...
Testing HTMLtree : 18 of 18 functions ...
Testing SAX2 : 38 of 38 functions ...
Testing c14n : 3 of 4 functions ...
Testing catalog : 27 of 36 functions ...
Testing chvalid : 9 of 9 functions ...
Testing debugXML : 25 of 28 functions ...
Testing dict : 10 of 13 functions ...
Testing encoding : 16 of 19 functions ...
Testing entities : 13 of 17 functions ...
Testing hash : 17 of 25 functions ...
Testing list : 19 of 26 functions ...
Testing nanoftp : 14 of 22 functions ...
Testing nanohttp : 13 of 17 functions ...
Testing parser : 61 of 70 functions ...
Testing parserInternals : 33 of 90 functions ...
Testing pattern : 10 of 15 functions ...
Testing relaxng : 14 of 24 functions ...
Testing schemasInternals : 0 of 2 functions ...
Testing schematron : 1 of 10 functions ...
Testing tree : 142 of 164 functions ...
Testing uri : 10 of 15 functions ...
Testing valid : 50 of 70 functions ...
Testing xinclude : 8 of 10 functions ...
Testing xmlIO : 41 of 51 functions ...
Testing xmlautomata : 3 of 19 functions ...
Testing xmlerror : 7 of 15 functions ...
Testing xmlmodule : 2 of 4 functions ...
Testing xmlreader : 76 of 86 functions ...
Testing xmlregexp : 16 of 30 functions ...
Testing xmlsave : 4 of 10 functions ...
Testing xmlschemas : 16 of 27 functions ...
Testing xmlschemastypes : 26 of 34 functions ...
Testing xmlstring : 26 of 30 functions ...
Testing xmlunicode : 166 of 166 functions ...
Testing xmlwriter : 52 of 80 functions ...
Testing xpath : 32 of 40 functions ...
Testing xpathInternals : 106 of 117 functions ...
Testing xpointer : 17 of 21 functions ...
Total: 1164 functions, 280912 tests, 0 errors
<end of output>
Test time =  10.01 sec
----------------------------------------------------------
Test Passed.
"testapi" end time: Jul 08 14:27 UTC
"testapi" time elapsed: 00:00:10
----------------------------------------------------------

2/6 Testing: testchar
2/6 Test: testchar
Command: "/root/pr/20220707/libxml2-rust/libxml2-2.9.12_github_version/testchar"
Directory: /root/pr/20220707/libxml2-rust/libxml2-2.9.12_github_version
"testchar" start time: Jul 08 14:27 UTC
Output:
----------------------------------------------------------
testing char range: 1 2 3 4 done
testing 1 byte char in document: 1 2 3 4 done
testing 2 byte char in document: 1 2 3 4 done
<end of output>
Test time =   1.17 sec
----------------------------------------------------------
Test Passed.
"testchar" end time: Jul 08 14:27 UTC
"testchar" time elapsed: 00:00:01
----------------------------------------------------------

3/6 Testing: testdict
3/6 Test: testdict
Command: "/root/pr/20220707/libxml2-rust/libxml2-2.9.12_github_version/testdict"
Directory: /root/pr/20220707/libxml2-rust/libxml2-2.9.12_github_version
"testdict" start time: Jul 08 14:27 UTC
Output:
----------------------------------------------------------
dictionary tests succeeded 20000 strings
<end of output>
Test time =   0.02 sec
----------------------------------------------------------
Test Passed.
"testdict" end time: Jul 08 14:27 UTC
"testdict" time elapsed: 00:00:00
----------------------------------------------------------

4/6 Testing: testrecurse
4/6 Test: testrecurse
Command: "/root/pr/20220707/libxml2-rust/libxml2-2.9.12_github_version/testrecurse"
Directory: /root/pr/20220707/libxml2-rust/libxml2-2.9.12_github_version
"testrecurse" start time: Jul 08 14:27 UTC
Output:
----------------------------------------------------------
.........
## Parsing recursive test cases
## Parsing non-recursive test cases
## Parsing non-recursive huge case
Total 9 tests, no errors
<end of output>
Test time =  12.27 sec
----------------------------------------------------------
Test Passed.
"testrecurse" end time: Jul 08 14:28 UTC
"testrecurse" time elapsed: 00:00:12
----------------------------------------------------------

5/6 Testing: runtest
5/6 Test: runtest
Command: "/root/pr/20220707/libxml2-rust/libxml2-2.9.12_github_version/runtest" "--out" "/root/pr/20220707/libxml2-rust/libxml2-2.9.12_github_version"
Directory: /root/pr/20220707/libxml2-rust/libxml2-2.9.12_github_version
"runtest" start time: Jul 08 14:28 UTC
Output:
----------------------------------------------------------
Got a difference for ./test/att11
File ./test/att11 generated an error
Got a difference for ./test/att5
File ./test/att5 generated an error
Got a difference for ./test/winblanks.xml
File ./test/winblanks.xml generated an error
Got a difference for ./test/att5
File ./test/att5 generated an error
Got a difference for ./test/winblanks.xml
File ./test/winblanks.xml generated an error
Got a difference for ./test/att5
File ./test/att5 generated an error
Got a difference for ./test/winblanks.xml
File ./test/winblanks.xml generated an error
Got a difference for ./test/HTML/attrents.html
File ./test/HTML/attrents.html generated an error
Got a difference for ./test/HTML/doc3.htm
File ./test/HTML/doc3.htm generated an error
Got a difference for ./test/HTML/test3.html
File ./test/HTML/test3.html generated an error
Got a difference for ./test/HTML/wired.html
File ./test/HTML/wired.html generated an error
## XML regression tests
## XML regression tests on memory
## XML entity subst regression tests
## XML Namespaces regression tests
## Error cases regression tests
## Error cases regression tests with entity substitution
## Error cases regression tests (old 1.0)
## Error cases stream regression tests
## Reader regression tests
## Reader entities substitution regression tests
## Reader on memory regression tests
## Walker regression tests
## SAX1 callbacks regression tests
## SAX2 callbacks regression tests
## SAX2 callbacks regression tests with entity substitution
## XML push regression tests
## HTML regression tests
## Push HTML regression tests
## HTML SAX regression tests
## Valid documents regression tests
## Validity checking regression tests
## Streaming validity checking regression tests
## Streaming validity error checking regression tests
## General documents valid regression tests
## XInclude regression tests
## XInclude xmlReader regression tests
## XInclude regression tests stripping include nodes
## XInclude xmlReader regression tests stripping include nodes
## XPath expressions regression tests
## XPath document queries regression tests
## XPointer document queries regression tests
## xml:id regression tests
## URI parsing tests
## URI base composition tests
## Path URI conversion tests
## Schemas regression tests
## Relax-NG regression tests
## Relax-NG streaming regression tests
## Pattern regression tests
## C14N with comments regression tests
## C14N without comments regression tests
## C14N exclusive without comments regression tests
## C14N 1.1 without comments regression tests
## Catalog and Threads regression tests
Total 3237 tests, 11 errors, 0 leaks
<end of output>
Test time =   6.32 sec
----------------------------------------------------------
Test Failed.
"runtest" end time: Jul 08 14:28 UTC
"runtest" time elapsed: 00:00:06
----------------------------------------------------------

6/6 Testing: testThreads
6/6 Test: testThreads
Command: "/root/pr/20220707/libxml2-rust/libxml2-2.9.12_github_version/testThreads"
Directory: /root/pr/20220707/libxml2-rust/libxml2-2.9.12_github_version
"testThreads" start time: Jul 08 14:28 UTC
Output:
----------------------------------------------------------
<end of output>
Test time =   1.58 sec
----------------------------------------------------------
Test Passed.
"testThreads" end time: Jul 08 14:28 UTC
"testThreads" time elapsed: 00:00:01
----------------------------------------------------------

End testing: Jul 08 14:28 UTC
